<?xml version="1.0" encoding="UTF-8" ?>
<testsuite errors="1" failures="0" hostname="paul-laptop" name="net.firstpartners.rp.mid.global.PluginManagerTests" tests="1" time="0.0" timestamp="2010-01-04T22:47:34">
  <properties>
    <property name="java.vendor" value="Sun Microsystems Inc." />
    <property name="sun.java.launcher" value="SUN_STANDARD" />
    <property name="eclipse.pdebuild.templates" value="/home/paul/software/eclipse_3_5/plugins/org.eclipse.pde.build_3.5.1.R35x_20090820/templates//" />
    <property name="sun.management.compiler" value="HotSpot Client Compiler" />
    <property name="docs.dir" value="docs" />
    <property name="distrib.dir" value="distrib" />
    <property name="os.name" value="Linux" />
    <property name="sun.boot.class.path" value="/usr/lib/jvm/java-6-sun-1.6.0.16/jre/lib/resources.jar:/usr/lib/jvm/java-6-sun-1.6.0.16/jre/lib/rt.jar:/usr/lib/jvm/java-6-sun-1.6.0.16/jre/lib/sunrsasign.jar:/usr/lib/jvm/java-6-sun-1.6.0.16/jre/lib/jsse.jar:/usr/lib/jvm/java-6-sun-1.6.0.16/jre/lib/jce.jar:/usr/lib/jvm/java-6-sun-1.6.0.16/jre/lib/charsets.jar:/usr/lib/jvm/java-6-sun-1.6.0.16/jre/classes" />
    <property name="sun.desktop" value="gnome" />
    <property name="java.vm.specification.vendor" value="Sun Microsystems Inc." />
    <property name="ant.home" value="/home/paul/software/eclipse_3_5/plugins/org.apache.ant_1.7.1.v20090120-1145" />
    <property name="java.runtime.version" value="1.6.0_16-b01" />
    <property name="testbuild.dir" value="testbuild" />
    <property name="lib.root" value="war/WEB-INF" />
    <property name="user.name" value="paul" />
    <property name="build.dir" value="build" />
    <property name="testsrc.dir" value="test" />
    <property name="user.language" value="en" />
    <property name="sun.boot.library.path" value="/usr/lib/jvm/java-6-sun-1.6.0.16/jre/lib/i386" />
    <property name="ant.project.name" value="Red Piranha" />
    <property name="java.version" value="1.6.0_16" />
    <property name="user.timezone" value="" />
    <property name="sun.arch.data.model" value="32" />
    <property name="java.endorsed.dirs" value="/usr/lib/jvm/java-6-sun-1.6.0.16/jre/lib/endorsed" />
    <property name="sun.cpu.isalist" value="" />
    <property name="sun.jnu.encoding" value="UTF-8" />
    <property name="file.encoding.pkg" value="sun.io" />
    <property name="rp.root" value="junit-test-reports" />
    <property name="file.separator" value="/" />
    <property name="java.specification.name" value="Java Platform API Specification" />
    <property name="java.class.version" value="50.0" />
    <property name="user.country" value="IE" />
    <property name="java.home" value="/usr/lib/jvm/java-6-sun-1.6.0.16/jre" />
    <property name="java.vm.info" value="mixed mode, sharing" />
    <property name="ant.file" value="/home/paul/projects/red-piranha/build.xml" />
    <property name="os.version" value="2.6.28-17-generic" />
    <property name="path.separator" value=":" />
    <property name="java.vm.version" value="14.2-b01" />
    <property name="ant.file.Red Piranha" value="/home/paul/projects/red-piranha/build.xml" />
    <property name="ant.library.dir" value="/home/paul/software/eclipse_3_5/plugins/org.apache.ant_1.7.1.v20090120-1145/lib" />
    <property name="java.awt.printerjob" value="sun.print.PSPrinterJob" />
    <property name="sun.io.unicode.encoding" value="UnicodeLittle" />
    <property name="eclipse.pdebuild.scripts" value="/home/paul/software/eclipse_3_5/plugins/org.eclipse.pde.build_3.5.1.R35x_20090820/scripts//" />
    <property name="user.home" value="/home/paul" />
    <property name="java.specification.vendor" value="Sun Microsystems Inc." />
    <property name="java.library.path" value="/usr/lib/jvm/java-6-sun-1.6.0.16/jre/lib/i386/client:/usr/lib/jvm/java-6-sun-1.6.0.16/jre/lib/i386:/usr/lib/jvm/java-6-sun-1.6.0.16/jre/../lib/i386:/usr/lib/jvm/java-6-sun-1.6.0.16/jre/lib/i386/client:/usr/lib/jvm/java-6-sun-1.6.0.16/jre/lib/i386:/usr/lib/xulrunner-addons:/usr/lib/xulrunner-addons:/usr/java/packages/lib/i386:/lib:/usr/lib" />
    <property name="name" value="red-piranha" />
    <property name="java.vendor.url" value="http://java.sun.com/" />
    <property name="java.vm.vendor" value="Sun Microsystems Inc." />
    <property name="java.runtime.name" value="Java(TM) SE Runtime Environment" />
    <property name="java.class.path" value="/home/paul/projects/red-piranha/build:/home/paul/projects/red-piranha/src:/home/paul/projects/red-piranha/testbuild:/home/paul/projects/red-piranha/test:/home/paul/projects/red-piranha/war/WEB-INF/lib/antlr-runtime-3.1.1.jar:/home/paul/projects/red-piranha/war/WEB-INF/lib/appengine-api-1.0-sdk-1.2.2.jar:/home/paul/projects/red-piranha/war/WEB-INF/lib/commons-logging-1.1.jar:/home/paul/projects/red-piranha/war/WEB-INF/lib/core-3.4.2.v_883_R34x.jar:/home/paul/projects/red-piranha/war/WEB-INF/lib/datanucleus-appengine-1.0.2.final.jar:/home/paul/projects/red-piranha/war/WEB-INF/lib/datanucleus-core-1.1.4-gae.jar:/home/paul/projects/red-piranha/war/WEB-INF/lib/datanucleus-jpa-1.1.4.jar:/home/paul/projects/red-piranha/war/WEB-INF/lib/drools-api-5.0.1.SNAPSHOT.jar:/home/paul/projects/red-piranha/war/WEB-INF/lib/drools-compiler-5.0.1.SNAPSHOT.jar:/home/paul/projects/red-piranha/war/WEB-INF/lib/drools-core-5.0.1.SNAPSHOT.jar:/home/paul/projects/red-piranha/war/WEB-INF/lib/geronimo-jpa_3.0_spec-1.1.1.jar:/home/paul/projects/red-piranha/war/WEB-INF/lib/geronimo-jta_1.1_spec-1.1.1.jar:/home/paul/projects/red-piranha/war/WEB-INF/lib/jdo2-api-2.3-ea.jar:/home/paul/projects/red-piranha/war/WEB-INF/lib/junit-4.6.jar:/home/paul/projects/red-piranha/war/WEB-INF/lib/log4j-1.2.13.jar:/home/paul/projects/red-piranha/war/WEB-INF/lib/mvel2-2.0.15.jar:/home/paul/projects/red-piranha/war/WEB-INF/lib/poi-3.2-FINAL-20081019.jar:/home/paul/projects/red-piranha/war/WEB-INF/lib/poi-contrib-3.2-FINAL-20081019.jar:/home/paul/projects/red-piranha/war/WEB-INF/lib/poi-scratchpad-3.2-FINAL-20081019.jar:/home/paul/software/eclipse_3_5/plugins/org.apache.ant_1.7.1.v20090120-1145/lib/ant-launcher.jar:/home/paul/software/eclipse_3_5/plugins/org.apache.ant_1.7.1.v20090120-1145/lib/ant.jar:/home/paul/software/eclipse_3_5/plugins/org.apache.ant_1.7.1.v20090120-1145/lib/ant-junit.jar" />
    <property name="ant.version" value="Apache Ant version 1.7.1 compiled on June 27 2008" />
    <property name="testhtml.dir" value="junit-test-reports/html" />
    <property name="java.vm.specification.name" value="Java Virtual Machine Specification" />
    <property name="java.vm.specification.version" value="1.0" />
    <property name="sun.cpu.endian" value="little" />
    <property name="sun.os.patch.level" value="unknown" />
    <property name="eclipse.pdebuild.home" value="/home/paul/software/eclipse_3_5/plugins/org.eclipse.pde.build_3.5.1.R35x_20090820/.//" />
    <property name="java.io.tmpdir" value="/tmp" />
    <property name="java.vendor.url.bug" value="http://java.sun.com/cgi-bin/bugreport.cgi" />
    <property name="os.arch" value="i386" />
    <property name="java.awt.graphicsenv" value="sun.awt.X11GraphicsEnvironment" />
    <property name="java.ext.dirs" value="/usr/lib/jvm/java-6-sun-1.6.0.16/jre/lib/ext:/usr/java/packages/lib/ext" />
    <property name="user.dir" value="/home/paul/projects/red-piranha" />
    <property name="line.separator" value="
" />
    <property name="java.vm.name" value="Java HotSpot(TM) Client VM" />
    <property name="basedir" value="/home/paul/projects/red-piranha" />
    <property name="ant.java.version" value="1.6" />
    <property name="ant.core.lib" value="/home/paul/software/eclipse_3_5/plugins/org.apache.ant_1.7.1.v20090120-1145/lib/ant.jar" />
    <property name="file.encoding" value="UTF-8" />
    <property name="testreports.dir" value="junit-test-reports" />
    <property name="app.root" value="." />
    <property name="java.specification.version" value="1.6" />
    <property name="src.dir" value="src" />
  </properties>
  <error message="net.firstpartners.rp.mid.global.PluginManagerTests" type="java.lang.ClassNotFoundException">java.lang.ClassNotFoundException: net.firstpartners.rp.mid.global.PluginManagerTests
	at java.net.URLClassLoader$1.run(URLClassLoader.java:200)
	at java.security.AccessController.doPrivileged(Native Method)
	at java.net.URLClassLoader.findClass(URLClassLoader.java:188)
	at java.lang.ClassLoader.loadClass(ClassLoader.java:307)
	at sun.misc.Launcher$AppClassLoader.loadClass(Launcher.java:301)
	at java.lang.ClassLoader.loadClass(ClassLoader.java:252)
	at java.lang.ClassLoader.loadClassInternal(ClassLoader.java:320)
	at java.lang.Class.forName0(Native Method)
	at java.lang.Class.forName(Class.java:169)
</error>
  <system-out><![CDATA[]]></system-out>
  <system-err><![CDATA[]]></system-err>
</testsuite>
